2024-07-24 18:32:59.6946 INFO Application started. Press Ctrl+C to shut down. 
2024-07-24 18:32:59.7948 INFO Hosting environment: Development 
2024-07-24 18:32:59.7948 INFO Content root path: C:\Users\LENOVO\source\repos\POS System\POSAPIs 
2024-07-24 18:33:11.3629 INFO Saved 1 entities to in-memory store. 
2024-07-24 18:33:16.5644 INFO Saved 1 entities to in-memory store. 
2024-07-24 18:33:21.4235 INFO User Details: Id=2, Name=Inzamam, Role=Admin 
2024-07-24 18:33:42.9382 INFO User Details: Id=2, Name=Inzamam, Role=Admin 
2024-07-24 18:34:15.8060 INFO User Details Cat: Id=1, Name=Mohsin, Role=Cashier 
2024-07-24 18:35:27.5797 INFO User Details: Id=2, Name=Inzamam, Role=Admin 
2024-07-24 18:35:55.1541 INFO User Details Cat: Id=2, Name=Inzamam, Role=Admin 
2024-07-24 18:35:55.2136 INFO Saved 1 entities to in-memory store. 
2024-07-24 18:36:21.4293 INFO User Details: Id=1, Name=Mohsin, Role=Cashier 
2024-07-24 18:36:53.7755 INFO User Details Cat: Id=1, Name=Mohsin, Role=Cashier 
2024-07-24 18:37:01.4659 INFO User Details Cat: Id=1, Name=Mohsin, Role=Cashier 
2024-07-24 18:37:38.2739 INFO User Details: Id=2, Name=Inzamam, Role=Admin 
2024-07-24 18:38:37.2285 INFO User Details Cat: Id=2, Name=Inzamam, Role=Admin 
2024-07-24 18:38:37.2285 INFO Saved 1 entities to in-memory store. 
2024-07-24 18:38:41.7465 INFO User Details Cat: Id=2, Name=Inzamam, Role=Admin 
2024-07-24 18:38:53.1651 INFO User Details: Id=1, Name=Mohsin, Role=Cashier 
2024-07-24 18:39:18.0898 INFO User Details: Id=1, Name=Mohsin, Role=Cashier 
2024-07-24 18:39:18.0898 INFO User Mohsin is a cashier. 
2024-07-24 18:39:18.0898 INFO Requesting Starting Sale... 
2024-07-24 18:39:18.0898 INFO User Details: Id=1, Name=Mohsin, Role=Cashier 
2024-07-24 18:46:16.7771 INFO Application started. Press Ctrl+C to shut down. 
2024-07-24 18:46:16.8003 INFO Hosting environment: Development 
2024-07-24 18:46:16.8003 INFO Content root path: C:\Users\LENOVO\source\repos\POS System\POSAPIs 
